========[test3.in]=========
50
????0?35??9??4????21?
446772219
75?8???7??87?
14028725
311?44???70?2945
576945783
0?1??1?
31325197
52?????6
357491564
24539?11?1?47????6?538??
730089554
??57??2?7???139??19??5?
914032596
??????53?86??
235578896
4??22626??6??8?7??1????74
159015391
?2?2?438?4??3?5?31?
791625860
91799???487??6693?2??1?02???8?
301587414
5?6???3?1???7?11?????????5?5??
69659595
?5183?2?
120455373
5??81?8000?6?68?0???1372?194?
673225978
?2?3??3?479??6?
661872609
929?
773642465
08??2??0??????
84167721
1??0??
510082184
3??9
908117026
?7?3008???7?3
87872810
62
876309492
?03?730?1??
428375362
??71?9?7?6??8?????21?
45512296
10???6???
472865425
?4?79???60???1
23531497
?84667?
446417945
??3059?74?594?
612606870
??4??9????9??8?1????
587533793
4?687??94??630037??2?
917060023
?
430430176
7?4626563??543?59??6?
526667610
44??84?0??0
907778294
??7?2?31?1???8????39?6?
669088714
?8?61?2?8203
635820879
7?9??6??04?1?6?8??
642562258
9??14215?3??????8??839?26?6?3?
247262687
?476?9?73311?3?96???????
45078704
4?????32?5
796643000
6??926??1?8?67?90??8?2??
507637240
??7?8??3??44307???081?
267937492
18??70??3
123661121
9279??33?42??76?989
812439787
4?9?416??41????6?7?9?10?2??
36700628
??7492???????9?05??6???2??????
884883390
5??87??0????7?23???
903018521
?5?371??0??54?16?95?6?
357558840
?1???2?????5????4
444267784
?53?6????205??4?9?47??4??78?
770135188
76?1?676?3?47?478?
430325039
2?6??49
762627951

========[test3.out]=========
Expected						      |	Yours
100000354496747221218						100000354496747221218
-1								-1
-1								-1
-1								-1
-1								-1
245390117134700896553853					245390117134700896553853
10570029714013932195955						10570029714013932195955
3355785388695							3355785388695
4002262600615897011539074					4002262600615897011539074
8292143864253855319						8292143864253855319
917990004870366930215180274183					917990004870366930215180274183
506000301000701100006965955594					506000301000701100006965955594
-1								-1
50081680007636820259137271947					50081680007636820259137271947
-1								-1
-1								-1
-1								-1
-1								-1
-1								-1
-1								-1
-1								-1
-1								-1
107109070645851229215						107109070645851229215
-1								-1
34379531604961							34379531604961
-1								-1
-1								-1
10400900589758313792						10400900589758313792
-1								-1
-1								-1
-1								-1
-1								-1
10702031016698088739163						10702031016698088739163
-1								-1
709646250461262857						709646250461262857
900142150300024782683922666836					900142150300024782683922666836
147609073311034965078703					147609073311034965078703
-1								-1
600926051087676903782239					600926051087676903782239
1072867393443077490811						1072867393443077490811
-1								-1
-1								-1
409041600410036677090106227					409041600410036677090106227
107492000000090050068842883389				      |	-1
5008709003017823520						5008709003017823520
1533715705554816895369						1533715705554816895369
11000244426577834						11000244426577834
1530600002057740914735418787					1530600002057740914735418787
-1								-1
-1								-1



========[test4.out]=========
Expected						      |	Yours
-1								-1
-1								-1
103981332501191							103981332501191
-1								-1
10339338747380301169805079162					10339338747380301169805079162
162946554350401797620526					162946554350401797620526
101092861372412520						101092861372412520
150020501000522968622						150020501000522968622
-1								-1
-1								-1
-1								-1
-1								-1
-1								-1
170495000883876086018543058477					170495000883876086018543058477
-1								-1
-1								-1
400430687094614467971863945					400430687094614467971863945
-1								-1
-1								-1
100177553591912465002						100177553591912465002
-1								-1
11995344634324376500278189					11995344634324376500278189
1804008291331919406						1804008291331919406
-1								-1
450377018121082323632574					450377018121082323632574
1000016392121171368						1000016392121171368
18052540004003386380798535					18052540004003386380798535
87500056212543091659420						87500056212543091659420
-1								-1
-1								-1
3990000909662604816091152					3990000909662604816091152
-1								-1
87393329669629998113317712162					87393329669629998113317712162
-1								-1
-1								-1
80054004654501965434323168					80054004654501965434323168
-1								-1
-1								-1
-1								-1
830964302636975879893335332					830964302636975879893335332
-1								-1
-1								-1
170004675623838122084954360010					170004675623838122084954360010
-1								-1
-1								-1
-1								-1
603004323636211248122198311					603004323636211248122198311
-1								-1
-1								-1
74318000578984068817428721961					74318000578984068817428721961
-1								-1
-1								-1
-1								-1
-1								-1
104256220534764629469113					104256220534764629469113
-1								-1
1810900077981038499560399769					1810900077981038499560399769
1007006227359643058493244					1007006227359643058493244
-1								-1
-1								-1
-1								-1
-1								-1
-1								-1
620649757258641638						620649757258641638
14007000000003120206738019040				      |	-1
1810051832451765030411						1810051832451765030411
-1								-1
906629899881677722						906629899881677722
-1								-1
-1								-1
1683809409489979219111712					1683809409489979219111712
-1								-1
109748136013360021						109748136013360021
-1								-1
-1								-1
9609038783842982953201						9609038783842982953201
-1								-1
-1								-1
1000408554008606330597276					1000408554008606330597276
-1								-1
-1								-1
8348597736041934214						8348597736041934214
-1								-1
-1								-1
-1								-1
-1								-1
-1								-1
-1								-1
553013002497668802709						553013002497668802709
122417847568218931						122417847568218931
-1								-1
6538912408441357903678						6538912408441357903678
1073829840600407548549						1073829840600407548549
4090676307793535754348						4090676307793535754348
10070084648959900369579296					10070084648959900369579296
-1								-1
600010001009003047918184151674				      |	-1
-1								-1
7002000030004396427662903046					7002000030004396427662903046
510000087004055704043852929163	

